2022-04-14 16:40:29,720  INFO [TestNG-test=Test1-4] SauceDemo01-v1:48 - Chrome Browser is opened
2022-04-14 16:40:29,720  INFO [TestNG-test=Test1-1] SauceDemo01-v1:48 - Chrome Browser is opened
2022-04-14 16:40:29,720  INFO [TestNG-test=Test1-2] SauceDemo01-v1:48 - Chrome Browser is opened
2022-04-14 16:40:29,720  INFO [TestNG-test=Test1-3] SauceDemo01-v1:48 - Chrome Browser is opened
2022-04-14 16:40:34,692  INFO [TestNG-test=Test1-1] SauceDemo01-v1:24 - user name send sucessfully
2022-04-14 16:40:34,732  INFO [TestNG-test=Test1-2] SauceDemo01-v1:24 - user name send sucessfully
2022-04-14 16:40:34,787  INFO [TestNG-test=Test1-4] SauceDemo01-v1:24 - user name send sucessfully
2022-04-14 16:40:34,801  INFO [TestNG-test=Test1-3] SauceDemo01-v1:24 - user name send sucessfully
2022-04-14 16:40:37,352  INFO [TestNG-test=Test1-2] SauceDemo01-v1:24 - user name send sucessfully
2022-04-14 16:40:38,807  INFO [TestNG-test=Test1-2] SauceDemo01-v1:24 - user name send sucessfully
2022-04-14 16:40:39,986  INFO [TestNG-test=Test1-1] SauceDemo01-v1:48 - Chrome Browser is opened
2022-04-14 16:40:40,974  INFO [TestNG-test=Test1-3] SauceDemo01-v1:48 - Chrome Browser is opened
2022-04-14 16:40:44,482  INFO [TestNG-test=Test1-1] SauceDemo01-v1:24 - user name send sucessfully
2022-04-14 16:40:45,032  INFO [TestNG-test=Test1-3] SauceDemo01-v1:24 - user name send sucessfully
2022-04-14 16:45:04,386  INFO [TestNG-test=Test1-2] SauceDemo01-v1:48 - Chrome Browser is opened
2022-04-14 16:45:04,435  INFO [TestNG-test=Test1-3] SauceDemo01-v1:48 - Chrome Browser is opened
2022-04-14 16:45:04,549  INFO [TestNG-test=Test1-4] SauceDemo01-v1:48 - Chrome Browser is opened
2022-04-14 16:45:04,559  INFO [TestNG-test=Test1-1] SauceDemo01-v1:48 - Chrome Browser is opened
2022-04-14 16:45:09,519  INFO [TestNG-test=Test1-2] SauceDemo01-v1:24 - user name send sucessfully
2022-04-14 16:45:09,583  INFO [TestNG-test=Test1-4] SauceDemo01-v1:24 - user name send sucessfully
2022-04-14 16:45:09,841  INFO [TestNG-test=Test1-3] SauceDemo01-v1:24 - user name send sucessfully
2022-04-14 16:45:11,102  INFO [TestNG-test=Test1-1] SauceDemo01-v1:24 - user name send sucessfully
2022-04-14 16:45:12,587  INFO [TestNG-test=Test1-2] SauceDemo01-v1:24 - user name send sucessfully
2022-04-14 16:45:13,861  INFO [TestNG-test=Test1-2] SauceDemo01-v1:24 - user name send sucessfully
2022-04-14 16:45:15,331  INFO [TestNG-test=Test1-3] SauceDemo01-v1:48 - Chrome Browser is opened
2022-04-14 16:45:18,658  INFO [TestNG-test=Test1-1] SauceDemo01-v1:48 - Chrome Browser is opened
2022-04-14 16:45:22,722  INFO [TestNG-test=Test1-3] SauceDemo01-v1:24 - user name send sucessfully
2022-04-14 16:45:23,313  INFO [TestNG-test=Test1-1] SauceDemo01-v1:24 - user name send sucessfully
2022-04-14 16:45:43,693  INFO [TestNG-test=Test2-3] SauceDemo01-v1:43 - Firefox Browser is opened
2022-04-14 16:45:43,767  INFO [TestNG-test=Test2-3] SauceDemo01-v1:48 - Chrome Browser is opened
2022-04-14 16:45:46,113  INFO [TestNG-test=Test2-2] SauceDemo01-v1:43 - Firefox Browser is opened
2022-04-14 16:45:46,114  INFO [TestNG-test=Test2-2] SauceDemo01-v1:48 - Chrome Browser is opened
2022-04-14 16:45:46,284  INFO [TestNG-test=Test2-4] SauceDemo01-v1:43 - Firefox Browser is opened
2022-04-14 16:45:46,285  INFO [TestNG-test=Test2-4] SauceDemo01-v1:48 - Chrome Browser is opened
2022-04-14 16:45:47,427  INFO [TestNG-test=Test2-1] SauceDemo01-v1:43 - Firefox Browser is opened
2022-04-14 16:45:47,428  INFO [TestNG-test=Test2-1] SauceDemo01-v1:48 - Chrome Browser is opened
2022-04-14 16:45:47,508  INFO [TestNG-test=Test2-3] SauceDemo01-v1:24 - user name send sucessfully
2022-04-14 16:45:49,457  INFO [TestNG-test=Test2-4] SauceDemo01-v1:24 - user name send sucessfully
2022-04-14 16:45:50,177  INFO [TestNG-test=Test2-2] SauceDemo01-v1:24 - user name send sucessfully
2022-04-14 16:45:50,516  INFO [TestNG-test=Test2-1] SauceDemo01-v1:24 - user name send sucessfully
2022-04-14 16:45:55,035  INFO [TestNG-test=Test2-2] SauceDemo01-v1:24 - user name send sucessfully
2022-04-14 16:45:56,761  INFO [TestNG-test=Test2-2] SauceDemo01-v1:24 - user name send sucessfully
2022-04-14 16:46:09,756  INFO [TestNG-test=Test2-4] SauceDemo01-v1:43 - Firefox Browser is opened
2022-04-14 16:46:09,757  INFO [TestNG-test=Test2-4] SauceDemo01-v1:48 - Chrome Browser is opened
2022-04-14 16:46:12,867  INFO [TestNG-test=Test2-4] SauceDemo01-v1:24 - user name send sucessfully
2022-04-14 16:46:13,085  INFO [TestNG-test=Test2-1] SauceDemo01-v1:43 - Firefox Browser is opened
2022-04-14 16:46:13,086  INFO [TestNG-test=Test2-1] SauceDemo01-v1:48 - Chrome Browser is opened
2022-04-14 16:46:15,830  INFO [TestNG-test=Test2-1] SauceDemo01-v1:24 - user name send sucessfully
2022-04-14 16:48:09,245  INFO [TestNG-test=Test1(failed)-4] SauceDemo01-v1:48 - Chrome Browser is opened
2022-04-14 16:48:09,245  INFO [TestNG-test=Test1(failed)-5] SauceDemo01-v1:48 - Chrome Browser is opened
2022-04-14 16:48:09,632  INFO [TestNG-test=Test1(failed)-2] SauceDemo01-v1:48 - Chrome Browser is opened
2022-04-14 16:48:10,103  INFO [TestNG-test=Test1(failed)-3] SauceDemo01-v1:48 - Chrome Browser is opened
2022-04-14 16:48:10,409  INFO [TestNG-test=Test1(failed)-1] SauceDemo01-v1:48 - Chrome Browser is opened
2022-04-14 16:48:16,145  INFO [TestNG-test=Test1(failed)-5] SauceDemo01-v1:24 - user name send sucessfully
2022-04-14 16:48:16,179  INFO [TestNG-test=Test1(failed)-4] SauceDemo01-v1:24 - user name send sucessfully
2022-04-14 16:48:16,431  INFO [TestNG-test=Test1(failed)-1] SauceDemo01-v1:24 - user name send sucessfully
2022-04-14 16:48:18,198  INFO [TestNG-test=Test1(failed)-3] SauceDemo01-v1:24 - user name send sucessfully
2022-04-14 16:48:18,798  INFO [TestNG-test=Test1(failed)-2] SauceDemo01-v1:24 - user name send sucessfully
2022-04-14 16:48:22,115  INFO [TestNG-test=Test1(failed)-2] SauceDemo01-v1:24 - user name send sucessfully
2022-04-14 16:48:23,510  INFO [TestNG-test=Test1(failed)-2] SauceDemo01-v1:24 - user name send sucessfully
2022-04-14 16:48:27,133  INFO [TestNG-test=Test1(failed)-5] SauceDemo01-v1:48 - Chrome Browser is opened
2022-04-14 16:48:31,838  INFO [TestNG-test=Test1(failed)-5] SauceDemo01-v1:24 - user name send sucessfully
2022-04-14 16:48:52,589  INFO [TestNG-test=Test2(failed)-1] SauceDemo01-v1:43 - Firefox Browser is opened
2022-04-14 16:48:52,590  INFO [TestNG-test=Test2(failed)-1] SauceDemo01-v1:48 - Chrome Browser is opened
2022-04-14 16:48:56,874  INFO [TestNG-test=Test2(failed)-3] SauceDemo01-v1:43 - Firefox Browser is opened
2022-04-14 16:48:56,874  INFO [TestNG-test=Test2(failed)-3] SauceDemo01-v1:48 - Chrome Browser is opened
2022-04-14 16:48:56,874  INFO [TestNG-test=Test2(failed)-4] SauceDemo01-v1:43 - Firefox Browser is opened
2022-04-14 16:48:56,875  INFO [TestNG-test=Test2(failed)-4] SauceDemo01-v1:48 - Chrome Browser is opened
2022-04-14 16:48:57,218  INFO [TestNG-test=Test2(failed)-1] SauceDemo01-v1:24 - user name send sucessfully
2022-04-14 16:49:01,197  INFO [TestNG-test=Test2(failed)-2] SauceDemo01-v1:43 - Firefox Browser is opened
2022-04-14 16:49:01,198  INFO [TestNG-test=Test2(failed)-2] SauceDemo01-v1:48 - Chrome Browser is opened
2022-04-14 16:49:01,689  INFO [TestNG-test=Test2(failed)-5] SauceDemo01-v1:43 - Firefox Browser is opened
2022-04-14 16:49:01,690  INFO [TestNG-test=Test2(failed)-5] SauceDemo01-v1:48 - Chrome Browser is opened
2022-04-14 16:49:03,745  INFO [TestNG-test=Test2(failed)-4] SauceDemo01-v1:24 - user name send sucessfully
2022-04-14 16:49:04,028  INFO [TestNG-test=Test2(failed)-3] SauceDemo01-v1:24 - user name send sucessfully
2022-04-14 16:49:06,578  INFO [TestNG-test=Test2(failed)-2] SauceDemo01-v1:24 - user name send sucessfully
2022-04-14 16:49:07,043  INFO [TestNG-test=Test2(failed)-5] SauceDemo01-v1:24 - user name send sucessfully
2022-04-14 16:49:22,273  INFO [TestNG-test=Test2(failed)-2] SauceDemo01-v1:24 - user name send sucessfully
2022-04-14 16:49:23,701  INFO [TestNG-test=Test2(failed)-2] SauceDemo01-v1:24 - user name send sucessfully
2022-04-14 16:49:40,171  INFO [TestNG-test=Test2(failed)-4] SauceDemo01-v1:43 - Firefox Browser is opened
2022-04-14 16:49:40,173  INFO [TestNG-test=Test2(failed)-4] SauceDemo01-v1:48 - Chrome Browser is opened
2022-04-14 16:49:43,466  INFO [TestNG-test=Test2(failed)-4] SauceDemo01-v1:24 - user name send sucessfully
2022-04-14 16:54:02,785  INFO [TestNG-test=Test1(failed)-5] SauceDemo01-v1:48 - Chrome Browser is opened
2022-04-14 16:54:02,798  INFO [TestNG-test=Test1(failed)-4] SauceDemo01-v1:48 - Chrome Browser is opened
2022-04-14 16:54:02,786  INFO [TestNG-test=Test1(failed)-2] SauceDemo01-v1:48 - Chrome Browser is opened
2022-04-14 16:54:02,785  INFO [TestNG-test=Test1(failed)-3] SauceDemo01-v1:48 - Chrome Browser is opened
2022-04-14 16:54:04,097  INFO [TestNG-test=Test1(failed)-1] SauceDemo01-v1:48 - Chrome Browser is opened
2022-04-14 16:54:22,192  INFO [TestNG-test=Test1(failed)-5] SauceDemo01-v1:24 - user name send sucessfully
2022-04-14 16:54:22,192  INFO [TestNG-test=Test1(failed)-1] SauceDemo01-v1:24 - user name send sucessfully
2022-04-14 16:54:22,198  INFO [TestNG-test=Test1(failed)-3] SauceDemo01-v1:24 - user name send sucessfully
2022-04-14 16:54:22,205  INFO [TestNG-test=Test1(failed)-2] SauceDemo01-v1:24 - user name send sucessfully
2022-04-14 16:54:22,211  INFO [TestNG-test=Test1(failed)-4] SauceDemo01-v1:24 - user name send sucessfully
2022-04-14 16:54:32,494  INFO [TestNG-test=Test1(failed)-2] SauceDemo01-v1:24 - user name send sucessfully
2022-04-14 16:54:34,755  INFO [TestNG-test=Test1(failed)-2] SauceDemo01-v1:24 - user name send sucessfully
2022-04-14 16:54:44,286  INFO [TestNG-test=Test1(failed)-1] SauceDemo01-v1:48 - Chrome Browser is opened
2022-04-14 16:54:47,075  INFO [TestNG-test=Test1(failed)-1] SauceDemo01-v1:24 - user name send sucessfully
2022-04-14 16:55:15,379  INFO [TestNG-test=Test2(failed)-5] SauceDemo01-v1:43 - Firefox Browser is opened
2022-04-14 16:55:15,380  INFO [TestNG-test=Test2(failed)-5] SauceDemo01-v1:48 - Chrome Browser is opened
2022-04-14 16:55:15,457  INFO [TestNG-test=Test2(failed)-2] SauceDemo01-v1:43 - Firefox Browser is opened
2022-04-14 16:55:15,457  INFO [TestNG-test=Test2(failed)-2] SauceDemo01-v1:48 - Chrome Browser is opened
2022-04-14 16:55:15,772  INFO [TestNG-test=Test2(failed)-3] SauceDemo01-v1:43 - Firefox Browser is opened
2022-04-14 16:55:15,773  INFO [TestNG-test=Test2(failed)-3] SauceDemo01-v1:48 - Chrome Browser is opened
2022-04-14 16:55:18,281  INFO [TestNG-test=Test2(failed)-4] SauceDemo01-v1:43 - Firefox Browser is opened
2022-04-14 16:55:18,282  INFO [TestNG-test=Test2(failed)-4] SauceDemo01-v1:48 - Chrome Browser is opened
2022-04-14 16:55:18,346  INFO [TestNG-test=Test2(failed)-1] SauceDemo01-v1:43 - Firefox Browser is opened
2022-04-14 16:55:18,346  INFO [TestNG-test=Test2(failed)-1] SauceDemo01-v1:48 - Chrome Browser is opened
2022-04-14 16:55:19,500  INFO [TestNG-test=Test2(failed)-5] SauceDemo01-v1:24 - user name send sucessfully
2022-04-14 16:55:20,538  INFO [TestNG-test=Test2(failed)-3] SauceDemo01-v1:24 - user name send sucessfully
2022-04-14 16:55:21,560  INFO [TestNG-test=Test2(failed)-1] SauceDemo01-v1:24 - user name send sucessfully
2022-04-14 16:55:21,638  INFO [TestNG-test=Test2(failed)-2] SauceDemo01-v1:24 - user name send sucessfully
2022-04-14 16:55:23,995  INFO [TestNG-test=Test2(failed)-4] SauceDemo01-v1:24 - user name send sucessfully
2022-04-14 16:56:31,004  INFO [TestNG-test=Test2(failed)-5] SauceDemo01-v1:43 - Firefox Browser is opened
2022-04-14 16:56:31,098  INFO [TestNG-test=Test2(failed)-5] SauceDemo01-v1:48 - Chrome Browser is opened
2022-04-14 16:56:38,534  INFO [TestNG-test=Test2(failed)-5] SauceDemo01-v1:24 - user name send sucessfully
2022-04-14 16:59:47,338  INFO [TestNG-test=Test1-3] SauceDemo01-v1:48 - Chrome Browser is opened
2022-04-14 16:59:47,338  INFO [TestNG-test=Test1-1] SauceDemo01-v1:48 - Chrome Browser is opened
2022-04-14 16:59:47,338  INFO [TestNG-test=Test1-2] SauceDemo01-v1:48 - Chrome Browser is opened
2022-04-14 16:59:47,338  INFO [TestNG-test=Test1-4] SauceDemo01-v1:48 - Chrome Browser is opened
2022-04-14 16:59:50,909  INFO [TestNG-test=Test1-4] SauceDemo01-v1:24 - user name send sucessfully
2022-04-14 16:59:50,912  INFO [TestNG-test=Test1-1] SauceDemo01-v1:24 - user name send sucessfully
2022-04-14 16:59:50,921  INFO [TestNG-test=Test1-3] SauceDemo01-v1:24 - user name send sucessfully
2022-04-14 16:59:50,964  INFO [TestNG-test=Test1-2] SauceDemo01-v1:24 - user name send sucessfully
2022-04-14 16:59:54,030  INFO [TestNG-test=Test1-2] SauceDemo01-v1:24 - user name send sucessfully
2022-04-14 16:59:55,385  INFO [TestNG-test=Test1-2] SauceDemo01-v1:24 - user name send sucessfully
2022-04-14 17:00:03,539  INFO [TestNG-test=Test1-1] SauceDemo01-v1:48 - Chrome Browser is opened
2022-04-14 17:00:03,743  INFO [TestNG-test=Test1-2] SauceDemo01-v1:48 - Chrome Browser is opened
2022-04-14 17:00:09,826  INFO [TestNG-test=Test1-1] SauceDemo01-v1:24 - user name send sucessfully
2022-04-14 17:00:10,103  INFO [TestNG-test=Test1-2] SauceDemo01-v1:24 - user name send sucessfully
2022-04-14 17:00:33,581  INFO [TestNG-test=Test2-2] SauceDemo01-v1:43 - Firefox Browser is opened
2022-04-14 17:00:33,838  INFO [TestNG-test=Test2-2] SauceDemo01-v1:48 - Chrome Browser is opened
2022-04-14 17:00:34,777  INFO [TestNG-test=Test2-1] SauceDemo01-v1:43 - Firefox Browser is opened
2022-04-14 17:00:34,778  INFO [TestNG-test=Test2-1] SauceDemo01-v1:48 - Chrome Browser is opened
2022-04-14 17:00:35,827  INFO [TestNG-test=Test2-3] SauceDemo01-v1:43 - Firefox Browser is opened
2022-04-14 17:00:35,827  INFO [TestNG-test=Test2-3] SauceDemo01-v1:48 - Chrome Browser is opened
2022-04-14 17:00:36,524  INFO [TestNG-test=Test2-4] SauceDemo01-v1:43 - Firefox Browser is opened
2022-04-14 17:00:36,525  INFO [TestNG-test=Test2-4] SauceDemo01-v1:48 - Chrome Browser is opened
2022-04-14 17:00:38,892  INFO [TestNG-test=Test2-2] SauceDemo01-v1:24 - user name send sucessfully
2022-04-14 17:00:39,809  INFO [TestNG-test=Test2-1] SauceDemo01-v1:24 - user name send sucessfully
2022-04-14 17:00:40,356  INFO [TestNG-test=Test2-3] SauceDemo01-v1:24 - user name send sucessfully
2022-04-14 17:00:42,317  INFO [TestNG-test=Test2-4] SauceDemo01-v1:24 - user name send sucessfully
2022-04-14 17:01:12,065  INFO [TestNG-test=Test2-3] SauceDemo01-v1:43 - Firefox Browser is opened
2022-04-14 17:01:12,066  INFO [TestNG-test=Test2-3] SauceDemo01-v1:48 - Chrome Browser is opened
2022-04-14 17:01:15,262  INFO [TestNG-test=Test2-3] SauceDemo01-v1:24 - user name send sucessfully
2022-04-14 17:01:16,142  INFO [TestNG-test=Test2-1] SauceDemo01-v1:43 - Firefox Browser is opened
2022-04-14 17:01:16,142  INFO [TestNG-test=Test2-1] SauceDemo01-v1:48 - Chrome Browser is opened
2022-04-14 17:01:18,908  INFO [TestNG-test=Test2-1] SauceDemo01-v1:24 - user name send sucessfully
2022-04-14 17:10:10,432  INFO [TestNG-test=Test1-4] SauceDemo01-v1:48 - Chrome Browser is opened
2022-04-14 17:10:10,434  INFO [TestNG-test=Test1-1] SauceDemo01-v1:48 - Chrome Browser is opened
2022-04-14 17:10:10,604  INFO [TestNG-test=Test1-3] SauceDemo01-v1:48 - Chrome Browser is opened
2022-04-14 17:10:11,773  INFO [TestNG-test=Test1-2] SauceDemo01-v1:48 - Chrome Browser is opened
2022-04-14 17:10:17,646  INFO [TestNG-test=Test1-4] SauceDemo01-v1:24 - user name send sucessfully
2022-04-14 17:10:18,142  INFO [TestNG-test=Test1-1] SauceDemo01-v1:24 - user name send sucessfully
2022-04-14 17:10:18,476  INFO [TestNG-test=Test1-2] SauceDemo01-v1:24 - user name send sucessfully
2022-04-14 17:10:18,921  INFO [TestNG-test=Test1-3] SauceDemo01-v1:24 - user name send sucessfully
2022-04-14 17:10:20,876  INFO [TestNG-test=Test1-2] SauceDemo01-v1:24 - user name send sucessfully
2022-04-14 17:10:23,229  INFO [TestNG-test=Test1-2] SauceDemo01-v1:24 - user name send sucessfully
2022-04-14 17:10:26,695  INFO [TestNG-test=Test1-3] SauceDemo01-v1:48 - Chrome Browser is opened
2022-04-14 17:10:26,894  INFO [TestNG-test=Test1-4] SauceDemo01-v1:48 - Chrome Browser is opened
2022-04-14 17:10:30,202  INFO [TestNG-test=Test1-3] SauceDemo01-v1:24 - user name send sucessfully
2022-04-14 17:10:30,512  INFO [TestNG-test=Test1-4] SauceDemo01-v1:24 - user name send sucessfully
2022-04-14 17:10:45,864  INFO [TestNG-test=Test2-2] SauceDemo01-v1:43 - Firefox Browser is opened
2022-04-14 17:10:45,865  INFO [TestNG-test=Test2-2] SauceDemo01-v1:48 - Chrome Browser is opened
2022-04-14 17:10:48,481  INFO [TestNG-test=Test2-3] SauceDemo01-v1:43 - Firefox Browser is opened
2022-04-14 17:10:48,482  INFO [TestNG-test=Test2-3] SauceDemo01-v1:48 - Chrome Browser is opened
2022-04-14 17:10:49,176  INFO [TestNG-test=Test2-4] SauceDemo01-v1:43 - Firefox Browser is opened
2022-04-14 17:10:49,176  INFO [TestNG-test=Test2-4] SauceDemo01-v1:48 - Chrome Browser is opened
2022-04-14 17:10:49,264  INFO [TestNG-test=Test2-1] SauceDemo01-v1:43 - Firefox Browser is opened
2022-04-14 17:10:49,265  INFO [TestNG-test=Test2-1] SauceDemo01-v1:48 - Chrome Browser is opened
2022-04-14 17:10:49,345  INFO [TestNG-test=Test2-2] SauceDemo01-v1:24 - user name send sucessfully
2022-04-14 17:10:52,190  INFO [TestNG-test=Test2-3] SauceDemo01-v1:24 - user name send sucessfully
2022-04-14 17:10:54,234  INFO [TestNG-test=Test2-1] SauceDemo01-v1:24 - user name send sucessfully
2022-04-14 17:10:54,560  INFO [TestNG-test=Test2-4] SauceDemo01-v1:24 - user name send sucessfully
2022-04-14 17:11:17,692  INFO [TestNG-test=Test2-2] SauceDemo01-v1:43 - Firefox Browser is opened
2022-04-14 17:11:17,692  INFO [TestNG-test=Test2-2] SauceDemo01-v1:48 - Chrome Browser is opened
2022-04-14 17:11:19,987  INFO [TestNG-test=Test2-3] SauceDemo01-v1:43 - Firefox Browser is opened
2022-04-14 17:11:19,987  INFO [TestNG-test=Test2-3] SauceDemo01-v1:48 - Chrome Browser is opened
2022-04-14 17:11:23,192  INFO [TestNG-test=Test2-2] SauceDemo01-v1:24 - user name send sucessfully
2022-04-14 17:11:26,855  INFO [TestNG-test=Test2-3] SauceDemo01-v1:24 - user name send sucessfully
2022-04-14 17:14:35,409  INFO [TestNG-test=Test1-4] SauceDemo01-v1:48 - Chrome Browser is opened
2022-04-14 17:14:35,410  INFO [TestNG-test=Test1-2] SauceDemo01-v1:48 - Chrome Browser is opened
2022-04-14 17:14:37,941  INFO [TestNG-test=Test1-3] SauceDemo01-v1:48 - Chrome Browser is opened
2022-04-14 17:14:38,092  INFO [TestNG-test=Test1-1] SauceDemo01-v1:48 - Chrome Browser is opened
2022-04-14 17:14:43,503  INFO [TestNG-test=Test1-1] SauceDemo01-v1:24 - user name send sucessfully
2022-04-14 17:14:43,712  INFO [TestNG-test=Test1-2] SauceDemo01-v1:24 - user name send sucessfully
2022-04-14 17:14:43,738  INFO [TestNG-test=Test1-4] SauceDemo01-v1:24 - user name send sucessfully
2022-04-14 17:14:44,568  INFO [TestNG-test=Test1-3] SauceDemo01-v1:24 - user name send sucessfully
2022-04-14 17:14:47,162  INFO [TestNG-test=Test1-2] SauceDemo01-v1:24 - user name send sucessfully
2022-04-14 17:14:48,250  INFO [TestNG-test=Test1-2] SauceDemo01-v1:24 - user name send sucessfully
2022-04-14 17:14:57,809  INFO [TestNG-test=Test1-3] SauceDemo01-v1:48 - Chrome Browser is opened
2022-04-14 17:14:57,929  INFO [TestNG-test=Test1-4] SauceDemo01-v1:48 - Chrome Browser is opened
2022-04-14 17:15:05,507  INFO [TestNG-test=Test1-3] SauceDemo01-v1:24 - user name send sucessfully
2022-04-14 17:15:05,678  INFO [TestNG-test=Test1-4] SauceDemo01-v1:24 - user name send sucessfully
2022-04-14 17:15:34,082  INFO [TestNG-test=Test2-2] SauceDemo01-v1:43 - Firefox Browser is opened
2022-04-14 17:15:34,083  INFO [TestNG-test=Test2-2] SauceDemo01-v1:48 - Chrome Browser is opened
2022-04-14 17:15:34,196  INFO [TestNG-test=Test2-3] SauceDemo01-v1:43 - Firefox Browser is opened
2022-04-14 17:15:34,197  INFO [TestNG-test=Test2-3] SauceDemo01-v1:48 - Chrome Browser is opened
2022-04-14 17:15:34,233  INFO [TestNG-test=Test2-1] SauceDemo01-v1:43 - Firefox Browser is opened
2022-04-14 17:15:34,233  INFO [TestNG-test=Test2-1] SauceDemo01-v1:48 - Chrome Browser is opened
2022-04-14 17:15:34,557  INFO [TestNG-test=Test2-4] SauceDemo01-v1:43 - Firefox Browser is opened
2022-04-14 17:15:34,558  INFO [TestNG-test=Test2-4] SauceDemo01-v1:48 - Chrome Browser is opened
2022-04-14 17:15:37,648  INFO [TestNG-test=Test2-3] SauceDemo01-v1:24 - user name send sucessfully
2022-04-14 17:15:37,809  INFO [TestNG-test=Test2-1] SauceDemo01-v1:24 - user name send sucessfully
2022-04-14 17:15:38,232  INFO [TestNG-test=Test2-4] SauceDemo01-v1:24 - user name send sucessfully
2022-04-14 17:15:39,116  INFO [TestNG-test=Test2-2] SauceDemo01-v1:24 - user name send sucessfully
2022-04-14 17:16:05,824  INFO [TestNG-test=Test2-2] SauceDemo01-v1:43 - Firefox Browser is opened
2022-04-14 17:16:05,825  INFO [TestNG-test=Test2-2] SauceDemo01-v1:48 - Chrome Browser is opened
2022-04-14 17:16:05,917  INFO [TestNG-test=Test2-1] SauceDemo01-v1:43 - Firefox Browser is opened
2022-04-14 17:16:05,917  INFO [TestNG-test=Test2-1] SauceDemo01-v1:48 - Chrome Browser is opened
2022-04-14 17:16:08,672  INFO [TestNG-test=Test2-1] SauceDemo01-v1:24 - user name send sucessfully
2022-04-14 17:16:08,926  INFO [TestNG-test=Test2-2] SauceDemo01-v1:24 - user name send sucessfully
2022-04-14 17:17:32,818  INFO [TestNG-test=Test2(failed)-1] SauceDemo01-v1:43 - Firefox Browser is opened
2022-04-14 17:17:32,823  INFO [TestNG-test=Test2(failed)-1] SauceDemo01-v1:48 - Chrome Browser is opened
2022-04-14 17:17:35,588  INFO [TestNG-test=Test2(failed)-1] SauceDemo01-v1:24 - user name send sucessfully
2022-04-14 17:17:37,211  INFO [TestNG-test=Test2(failed)-1] SauceDemo01-v1:24 - user name send sucessfully
2022-04-14 17:17:38,656  INFO [TestNG-test=Test2(failed)-1] SauceDemo01-v1:24 - user name send sucessfully
2022-04-14 22:22:24,070  INFO [TestNG-test=Test2(failed)-1] SauceDemo01-v1:44 - Firefox Browser is opened
2022-04-14 22:22:24,114  INFO [TestNG-test=Test2(failed)-1] SauceDemo01-v1:49 - Chrome Browser is opened
2022-04-14 22:22:27,854  INFO [TestNG-test=Test2(failed)-1] SauceDemo01-v1:24 - user name send sucessfully
2022-04-14 22:22:29,605  INFO [TestNG-test=Test2(failed)-1] SauceDemo01-v1:24 - user name send sucessfully
2022-04-14 22:22:31,027  INFO [TestNG-test=Test2(failed)-1] SauceDemo01-v1:24 - user name send sucessfully
2022-04-14 22:23:39,615  INFO [TestNG-test=Test1-2] SauceDemo01-v1:49 - Chrome Browser is opened
2022-04-14 22:23:39,615  INFO [TestNG-test=Test1-1] SauceDemo01-v1:49 - Chrome Browser is opened
2022-04-14 22:23:39,615  INFO [TestNG-test=Test1-3] SauceDemo01-v1:49 - Chrome Browser is opened
2022-04-14 22:23:39,615  INFO [TestNG-test=Test1-4] SauceDemo01-v1:49 - Chrome Browser is opened
2022-04-14 22:23:44,973  INFO [TestNG-test=Test1-3] SauceDemo01-v1:24 - user name send sucessfully
2022-04-14 22:23:44,976  INFO [TestNG-test=Test1-1] SauceDemo01-v1:24 - user name send sucessfully
2022-04-14 22:23:45,014  INFO [TestNG-test=Test1-2] SauceDemo01-v1:24 - user name send sucessfully
2022-04-14 22:23:45,060  INFO [TestNG-test=Test1-4] SauceDemo01-v1:24 - user name send sucessfully
2022-04-14 22:23:47,826  INFO [TestNG-test=Test1-2] SauceDemo01-v1:24 - user name send sucessfully
2022-04-14 22:23:48,601  INFO [TestNG-test=Test1-2] SauceDemo01-v1:24 - user name send sucessfully
2022-04-14 22:23:50,238  INFO [TestNG-test=Test1-1] SauceDemo01-v1:49 - Chrome Browser is opened
2022-04-14 22:23:52,083  INFO [TestNG-test=Test1-3] SauceDemo01-v1:49 - Chrome Browser is opened
2022-04-14 22:23:54,067  INFO [TestNG-test=Test1-1] SauceDemo01-v1:24 - user name send sucessfully
2022-04-14 22:23:55,534  INFO [TestNG-test=Test1-3] SauceDemo01-v1:24 - user name send sucessfully
2022-04-14 22:24:07,941  INFO [TestNG-test=Test2-4] SauceDemo01-v1:44 - Firefox Browser is opened
2022-04-14 22:24:07,942  INFO [TestNG-test=Test2-4] SauceDemo01-v1:49 - Chrome Browser is opened
2022-04-14 22:24:12,038  INFO [TestNG-test=Test2-4] SauceDemo01-v1:24 - user name send sucessfully
2022-04-14 22:24:13,307  INFO [TestNG-test=Test2-3] SauceDemo01-v1:44 - Firefox Browser is opened
2022-04-14 22:24:13,307  INFO [TestNG-test=Test2-3] SauceDemo01-v1:49 - Chrome Browser is opened
2022-04-14 22:24:14,334  INFO [TestNG-test=Test2-1] SauceDemo01-v1:44 - Firefox Browser is opened
2022-04-14 22:24:14,335  INFO [TestNG-test=Test2-1] SauceDemo01-v1:49 - Chrome Browser is opened
2022-04-14 22:24:14,701  INFO [TestNG-test=Test2-2] SauceDemo01-v1:44 - Firefox Browser is opened
2022-04-14 22:24:14,702  INFO [TestNG-test=Test2-2] SauceDemo01-v1:49 - Chrome Browser is opened
2022-04-14 22:24:20,210  INFO [TestNG-test=Test2-3] SauceDemo01-v1:24 - user name send sucessfully
2022-04-14 22:24:29,217  INFO [TestNG-test=Test2-2] SauceDemo01-v1:24 - user name send sucessfully
2022-04-14 22:24:30,821  INFO [TestNG-test=Test2-2] SauceDemo01-v1:24 - user name send sucessfully
2022-04-14 22:24:31,062  INFO [TestNG-test=Test2-1] SauceDemo01-v1:24 - user name send sucessfully
2022-04-14 22:24:32,286  INFO [TestNG-test=Test2-2] SauceDemo01-v1:24 - user name send sucessfully
2022-04-14 22:24:45,018  INFO [TestNG-test=Test2-4] SauceDemo01-v1:44 - Firefox Browser is opened
2022-04-14 22:24:45,019  INFO [TestNG-test=Test2-4] SauceDemo01-v1:49 - Chrome Browser is opened
2022-04-14 22:24:48,706  INFO [TestNG-test=Test2-4] SauceDemo01-v1:24 - user name send sucessfully
2022-04-14 22:24:51,616  INFO [TestNG-test=Test2-3] SauceDemo01-v1:44 - Firefox Browser is opened
2022-04-14 22:24:51,616  INFO [TestNG-test=Test2-3] SauceDemo01-v1:49 - Chrome Browser is opened
2022-04-14 22:24:54,643  INFO [TestNG-test=Test2-3] SauceDemo01-v1:24 - user name send sucessfully
2022-04-14 22:29:48,007  INFO [TestNG-test=Test1-4] SauceDemo01-v1:49 - Chrome Browser is opened
2022-04-14 22:29:48,776  INFO [TestNG-test=Test1-3] SauceDemo01-v1:49 - Chrome Browser is opened
2022-04-14 22:29:49,563  INFO [TestNG-test=Test1-2] SauceDemo01-v1:49 - Chrome Browser is opened
2022-04-14 22:29:49,983  INFO [TestNG-test=Test1-1] SauceDemo01-v1:49 - Chrome Browser is opened
2022-04-14 22:29:59,851  INFO [TestNG-test=Test1-2] SauceDemo01-v1:24 - user name send sucessfully
2022-04-14 22:29:59,884  INFO [TestNG-test=Test1-4] SauceDemo01-v1:24 - user name send sucessfully
2022-04-14 22:30:00,089  INFO [TestNG-test=Test1-3] SauceDemo01-v1:24 - user name send sucessfully
2022-04-14 22:30:00,802  INFO [TestNG-test=Test1-1] SauceDemo01-v1:24 - user name send sucessfully
2022-04-14 22:30:01,944  INFO [TestNG-test=Test1-2] SauceDemo01-v1:24 - user name send sucessfully
2022-04-14 22:30:02,891  INFO [TestNG-test=Test1-2] SauceDemo01-v1:24 - user name send sucessfully
2022-04-14 22:30:04,913  INFO [TestNG-test=Test1-3] SauceDemo01-v1:49 - Chrome Browser is opened
2022-04-14 22:30:06,498  INFO [TestNG-test=Test1-1] SauceDemo01-v1:49 - Chrome Browser is opened
2022-04-14 22:30:10,400  INFO [TestNG-test=Test1-3] SauceDemo01-v1:24 - user name send sucessfully
2022-04-14 22:30:12,937  INFO [TestNG-test=Test1-1] SauceDemo01-v1:24 - user name send sucessfully
2022-04-14 22:30:34,476  INFO [TestNG-test=Test2-1] SauceDemo01-v1:44 - Firefox Browser is opened
2022-04-14 22:30:34,477  INFO [TestNG-test=Test2-1] SauceDemo01-v1:49 - Chrome Browser is opened
2022-04-14 22:30:34,612  INFO [TestNG-test=Test2-2] SauceDemo01-v1:44 - Firefox Browser is opened
2022-04-14 22:30:34,612  INFO [TestNG-test=Test2-2] SauceDemo01-v1:49 - Chrome Browser is opened
2022-04-14 22:30:34,989  INFO [TestNG-test=Test2-4] SauceDemo01-v1:44 - Firefox Browser is opened
2022-04-14 22:30:34,993  INFO [TestNG-test=Test2-4] SauceDemo01-v1:49 - Chrome Browser is opened
2022-04-14 22:30:39,894  INFO [TestNG-test=Test2-3] SauceDemo01-v1:44 - Firefox Browser is opened
2022-04-14 22:30:39,895  INFO [TestNG-test=Test2-3] SauceDemo01-v1:49 - Chrome Browser is opened
2022-04-14 22:30:47,955  INFO [TestNG-test=Test2-3] SauceDemo01-v1:24 - user name send sucessfully
2022-04-14 22:30:55,191  INFO [TestNG-test=Test2-1] SauceDemo01-v1:24 - user name send sucessfully
2022-04-14 22:30:57,152  INFO [TestNG-test=Test2-3] SauceDemo01-v1:44 - Firefox Browser is opened
2022-04-14 22:30:57,153  INFO [TestNG-test=Test2-3] SauceDemo01-v1:49 - Chrome Browser is opened
2022-04-14 22:31:08,126  INFO [TestNG-test=Test2-1] SauceDemo01-v1:44 - Firefox Browser is opened
2022-04-14 22:31:08,126  INFO [TestNG-test=Test2-1] SauceDemo01-v1:49 - Chrome Browser is opened
2022-04-14 22:31:14,707  INFO [TestNG-test=Test2-1] SauceDemo01-v1:24 - user name send sucessfully
2022-04-14 22:31:17,799  INFO [TestNG-test=Test2-2] SauceDemo01-v1:24 - user name send sucessfully
2022-04-14 22:31:19,475  INFO [TestNG-test=Test2-3] SauceDemo01-v1:24 - user name send sucessfully
2022-04-14 22:31:29,378  INFO [TestNG-test=Test2-4] SauceDemo01-v1:24 - user name send sucessfully
2022-04-14 22:37:35,728  INFO [TestNG-test=Test1-4] SauceDemo01-v1:49 - Chrome Browser is opened
2022-04-14 22:37:36,052  INFO [TestNG-test=Test1-1] SauceDemo01-v1:49 - Chrome Browser is opened
2022-04-14 22:37:36,224  INFO [TestNG-test=Test1-3] SauceDemo01-v1:49 - Chrome Browser is opened
2022-04-14 22:37:36,733  INFO [TestNG-test=Test1-2] SauceDemo01-v1:49 - Chrome Browser is opened
2022-04-14 22:37:44,489  INFO [TestNG-test=Test1-1] SauceDemo01-v1:24 - user name send sucessfully
2022-04-14 22:37:44,693  INFO [TestNG-test=Test1-4] SauceDemo01-v1:24 - user name send sucessfully
2022-04-14 22:37:45,630  INFO [TestNG-test=Test1-3] SauceDemo01-v1:24 - user name send sucessfully
2022-04-14 22:37:46,606  INFO [TestNG-test=Test1-2] SauceDemo01-v1:24 - user name send sucessfully
2022-04-14 22:37:47,421  INFO [TestNG-test=Test1-2] SauceDemo01-v1:24 - user name send sucessfully
2022-04-14 22:37:48,200  INFO [TestNG-test=Test1-2] SauceDemo01-v1:24 - user name send sucessfully
2022-04-14 22:37:50,066  INFO [TestNG-test=Test1-1] SauceDemo01-v1:49 - Chrome Browser is opened
2022-04-14 22:37:51,414  INFO [TestNG-test=Test1-4] SauceDemo01-v1:49 - Chrome Browser is opened
2022-04-14 22:37:54,017  INFO [TestNG-test=Test1-1] SauceDemo01-v1:24 - user name send sucessfully
2022-04-14 22:37:55,837  INFO [TestNG-test=Test1-4] SauceDemo01-v1:24 - user name send sucessfully
2022-04-14 22:38:16,861  INFO [TestNG-test=Test2-2] SauceDemo01-v1:44 - Firefox Browser is opened
2022-04-14 22:38:16,862  INFO [TestNG-test=Test2-2] SauceDemo01-v1:49 - Chrome Browser is opened
2022-04-14 22:38:17,184  INFO [TestNG-test=Test2-1] SauceDemo01-v1:44 - Firefox Browser is opened
2022-04-14 22:38:17,184  INFO [TestNG-test=Test2-1] SauceDemo01-v1:49 - Chrome Browser is opened
2022-04-14 22:38:17,890  INFO [TestNG-test=Test2-4] SauceDemo01-v1:44 - Firefox Browser is opened
2022-04-14 22:38:17,891  INFO [TestNG-test=Test2-4] SauceDemo01-v1:49 - Chrome Browser is opened
2022-04-14 22:38:17,903  INFO [TestNG-test=Test2-3] SauceDemo01-v1:44 - Firefox Browser is opened
2022-04-14 22:38:17,903  INFO [TestNG-test=Test2-3] SauceDemo01-v1:49 - Chrome Browser is opened
2022-04-14 22:38:20,448  INFO [TestNG-test=Test2-2] SauceDemo01-v1:24 - user name send sucessfully
2022-04-14 22:38:22,329  INFO [TestNG-test=Test2-1] SauceDemo01-v1:24 - user name send sucessfully
2022-04-14 22:38:22,572  INFO [TestNG-test=Test2-2] SauceDemo01-v1:24 - user name send sucessfully
2022-04-14 22:38:23,126  INFO [TestNG-test=Test2-4] SauceDemo01-v1:24 - user name send sucessfully
2022-04-14 22:38:23,686  INFO [TestNG-test=Test2-3] SauceDemo01-v1:24 - user name send sucessfully
2022-04-14 22:38:24,101  INFO [TestNG-test=Test2-2] SauceDemo01-v1:24 - user name send sucessfully
2022-04-14 22:38:47,302  INFO [TestNG-test=Test2-1] SauceDemo01-v1:44 - Firefox Browser is opened
2022-04-14 22:38:47,302  INFO [TestNG-test=Test2-1] SauceDemo01-v1:49 - Chrome Browser is opened
2022-04-14 22:38:49,546  INFO [TestNG-test=Test2-1] SauceDemo01-v1:24 - user name send sucessfully
2022-04-14 22:38:57,064  INFO [TestNG-test=Test2-3] SauceDemo01-v1:44 - Firefox Browser is opened
2022-04-14 22:38:57,064  INFO [TestNG-test=Test2-3] SauceDemo01-v1:49 - Chrome Browser is opened
2022-04-14 22:39:00,303  INFO [TestNG-test=Test2-3] SauceDemo01-v1:24 - user name send sucessfully
2022-04-14 22:50:14,188  INFO [TestNG-test=Test1-1] SauceDemo01-v1:49 - Chrome Browser is opened
2022-04-14 22:50:14,188  INFO [TestNG-test=Test1-4] SauceDemo01-v1:49 - Chrome Browser is opened
2022-04-14 22:50:14,303  INFO [TestNG-test=Test1-2] SauceDemo01-v1:49 - Chrome Browser is opened
2022-04-14 22:50:15,648  INFO [TestNG-test=Test1-3] SauceDemo01-v1:49 - Chrome Browser is opened
2022-04-14 22:50:19,862  INFO [TestNG-test=Test1-1] SauceDemo01-v1:24 - user name send sucessfully
2022-04-14 22:50:19,962  INFO [TestNG-test=Test1-4] SauceDemo01-v1:24 - user name send sucessfully
2022-04-14 22:50:21,570  INFO [TestNG-test=Test1-2] SauceDemo01-v1:24 - user name send sucessfully
2022-04-14 22:50:21,994  INFO [TestNG-test=Test1-3] SauceDemo01-v1:24 - user name send sucessfully
2022-04-14 22:50:22,537  INFO [TestNG-test=Test1-2] SauceDemo01-v1:24 - user name send sucessfully
2022-04-14 22:50:23,760  INFO [TestNG-test=Test1-2] SauceDemo01-v1:24 - user name send sucessfully
2022-04-14 22:50:25,176  INFO [TestNG-test=Test1-1] SauceDemo01-v1:49 - Chrome Browser is opened
2022-04-14 22:50:27,762  INFO [TestNG-test=Test1-4] SauceDemo01-v1:49 - Chrome Browser is opened
2022-04-14 22:50:30,099  INFO [TestNG-test=Test1-1] SauceDemo01-v1:24 - user name send sucessfully
2022-04-14 22:50:32,239  INFO [TestNG-test=Test1-4] SauceDemo01-v1:24 - user name send sucessfully
2022-04-14 22:50:54,461  INFO [TestNG-test=Test2-1] SauceDemo01-v1:44 - Firefox Browser is opened
2022-04-14 22:50:54,463  INFO [TestNG-test=Test2-1] SauceDemo01-v1:49 - Chrome Browser is opened
2022-04-14 22:50:54,571  INFO [TestNG-test=Test2-2] SauceDemo01-v1:44 - Firefox Browser is opened
2022-04-14 22:50:54,572  INFO [TestNG-test=Test2-2] SauceDemo01-v1:49 - Chrome Browser is opened
2022-04-14 22:50:55,165  INFO [TestNG-test=Test2-3] SauceDemo01-v1:44 - Firefox Browser is opened
2022-04-14 22:50:55,166  INFO [TestNG-test=Test2-3] SauceDemo01-v1:49 - Chrome Browser is opened
2022-04-14 22:50:55,223  INFO [TestNG-test=Test2-4] SauceDemo01-v1:44 - Firefox Browser is opened
2022-04-14 22:50:55,223  INFO [TestNG-test=Test2-4] SauceDemo01-v1:49 - Chrome Browser is opened
2022-04-14 22:50:59,395  INFO [TestNG-test=Test2-2] SauceDemo01-v1:24 - user name send sucessfully
2022-04-14 22:51:00,815  INFO [TestNG-test=Test2-4] SauceDemo01-v1:24 - user name send sucessfully
2022-04-14 22:51:01,298  INFO [TestNG-test=Test2-1] SauceDemo01-v1:24 - user name send sucessfully
2022-04-14 22:51:01,349  INFO [TestNG-test=Test2-3] SauceDemo01-v1:24 - user name send sucessfully
2022-04-14 22:51:01,789  INFO [TestNG-test=Test2-2] SauceDemo01-v1:24 - user name send sucessfully
2022-04-14 22:51:03,208  INFO [TestNG-test=Test2-2] SauceDemo01-v1:24 - user name send sucessfully
2022-04-14 22:51:43,053  INFO [TestNG-test=Test2-4] SauceDemo01-v1:44 - Firefox Browser is opened
2022-04-14 22:51:43,054  INFO [TestNG-test=Test2-4] SauceDemo01-v1:49 - Chrome Browser is opened
2022-04-14 22:51:45,344  INFO [TestNG-test=Test2-4] SauceDemo01-v1:24 - user name send sucessfully
2022-04-14 22:51:58,068  INFO [TestNG-test=Test2-1] SauceDemo01-v1:44 - Firefox Browser is opened
2022-04-14 22:51:58,069  INFO [TestNG-test=Test2-1] SauceDemo01-v1:49 - Chrome Browser is opened
2022-04-14 22:52:00,713  INFO [TestNG-test=Test2-1] SauceDemo01-v1:24 - user name send sucessfully
2022-04-14 22:53:49,161  INFO [TestNG-test=Test1-3] SauceDemo01-v1:49 - Chrome Browser is opened
2022-04-14 22:53:49,480  INFO [TestNG-test=Test1-4] SauceDemo01-v1:49 - Chrome Browser is opened
2022-04-14 22:53:49,531  INFO [TestNG-test=Test1-1] SauceDemo01-v1:49 - Chrome Browser is opened
2022-04-14 22:53:50,109  INFO [TestNG-test=Test1-2] SauceDemo01-v1:49 - Chrome Browser is opened
2022-04-14 22:53:58,389  INFO [TestNG-test=Test1-3] SauceDemo01-v1:24 - user name send sucessfully
2022-04-14 22:53:58,409  INFO [TestNG-test=Test1-4] SauceDemo01-v1:24 - user name send sucessfully
2022-04-14 22:53:58,649  INFO [TestNG-test=Test1-2] SauceDemo01-v1:24 - user name send sucessfully
2022-04-14 22:53:58,794  INFO [TestNG-test=Test1-1] SauceDemo01-v1:24 - user name send sucessfully
2022-04-14 22:54:00,412  INFO [TestNG-test=Test1-2] SauceDemo01-v1:24 - user name send sucessfully
2022-04-14 22:54:01,558  INFO [TestNG-test=Test1-2] SauceDemo01-v1:24 - user name send sucessfully
2022-04-14 22:54:06,038  INFO [TestNG-test=Test1-4] SauceDemo01-v1:49 - Chrome Browser is opened
2022-04-14 22:54:06,656  INFO [TestNG-test=Test1-1] SauceDemo01-v1:49 - Chrome Browser is opened
2022-04-14 22:54:11,170  INFO [TestNG-test=Test1-4] SauceDemo01-v1:24 - user name send sucessfully
2022-04-14 22:54:11,180  INFO [TestNG-test=Test1-1] SauceDemo01-v1:24 - user name send sucessfully
2022-04-14 22:54:45,755  INFO [TestNG-test=Test2-4] SauceDemo01-v1:44 - Firefox Browser is opened
2022-04-14 22:54:45,755  INFO [TestNG-test=Test2-4] SauceDemo01-v1:49 - Chrome Browser is opened
2022-04-14 22:54:45,773  INFO [TestNG-test=Test2-3] SauceDemo01-v1:44 - Firefox Browser is opened
2022-04-14 22:54:45,773  INFO [TestNG-test=Test2-3] SauceDemo01-v1:49 - Chrome Browser is opened
2022-04-14 22:54:45,783  INFO [TestNG-test=Test2-1] SauceDemo01-v1:44 - Firefox Browser is opened
2022-04-14 22:54:45,784  INFO [TestNG-test=Test2-1] SauceDemo01-v1:49 - Chrome Browser is opened
2022-04-14 22:54:45,797  INFO [TestNG-test=Test2-2] SauceDemo01-v1:44 - Firefox Browser is opened
2022-04-14 22:54:45,798  INFO [TestNG-test=Test2-2] SauceDemo01-v1:49 - Chrome Browser is opened
2022-04-14 22:54:53,736  INFO [TestNG-test=Test2-2] SauceDemo01-v1:24 - user name send sucessfully
2022-04-14 22:54:54,135  INFO [TestNG-test=Test2-1] SauceDemo01-v1:24 - user name send sucessfully
2022-04-14 22:54:54,658  INFO [TestNG-test=Test2-3] SauceDemo01-v1:24 - user name send sucessfully
2022-04-14 22:54:55,090  INFO [TestNG-test=Test2-4] SauceDemo01-v1:24 - user name send sucessfully
2022-04-14 22:54:57,993  INFO [TestNG-test=Test2-2] SauceDemo01-v1:24 - user name send sucessfully
2022-04-14 22:54:59,520  INFO [TestNG-test=Test2-2] SauceDemo01-v1:24 - user name send sucessfully
2022-04-14 22:55:30,200  INFO [TestNG-test=Test2-4] SauceDemo01-v1:44 - Firefox Browser is opened
2022-04-14 22:55:30,201  INFO [TestNG-test=Test2-4] SauceDemo01-v1:49 - Chrome Browser is opened
2022-04-14 22:55:34,944  INFO [TestNG-test=Test2-4] SauceDemo01-v1:24 - user name send sucessfully
2022-04-14 22:55:37,535  INFO [TestNG-test=Test2-1] SauceDemo01-v1:44 - Firefox Browser is opened
2022-04-14 22:55:37,535  INFO [TestNG-test=Test2-1] SauceDemo01-v1:49 - Chrome Browser is opened
2022-04-14 22:55:41,772  INFO [TestNG-test=Test2-1] SauceDemo01-v1:24 - user name send sucessfully
2022-04-14 22:59:12,555  INFO [TestNG-test=Test1-3] SauceDemo01-v1:49 - Chrome Browser is opened
2022-04-14 22:59:12,558  INFO [TestNG-test=Test1-2] SauceDemo01-v1:49 - Chrome Browser is opened
2022-04-14 22:59:12,558  INFO [TestNG-test=Test1-1] SauceDemo01-v1:49 - Chrome Browser is opened
2022-04-14 22:59:12,595  INFO [TestNG-test=Test1-4] SauceDemo01-v1:49 - Chrome Browser is opened
2022-04-14 22:59:20,801  INFO [TestNG-test=Test1-2] SauceDemo01-v1:24 - user name send sucessfully
2022-04-14 22:59:20,818  INFO [TestNG-test=Test1-4] SauceDemo01-v1:24 - user name send sucessfully
2022-04-14 22:59:20,868  INFO [TestNG-test=Test1-3] SauceDemo01-v1:24 - user name send sucessfully
2022-04-14 22:59:20,931  INFO [TestNG-test=Test1-1] SauceDemo01-v1:24 - user name send sucessfully
2022-04-14 22:59:23,066  INFO [TestNG-test=Test1-2] SauceDemo01-v1:24 - user name send sucessfully
2022-04-14 22:59:27,040  INFO [TestNG-test=Test1-3] SauceDemo01-v1:49 - Chrome Browser is opened
2022-04-14 22:59:27,453  INFO [TestNG-test=Test1-1] SauceDemo01-v1:49 - Chrome Browser is opened
2022-04-14 22:59:32,423  INFO [TestNG-test=Test1-1] SauceDemo01-v1:24 - user name send sucessfully
2022-04-14 22:59:32,791  INFO [TestNG-test=Test1-3] SauceDemo01-v1:24 - user name send sucessfully
2022-04-14 23:00:17,971  INFO [TestNG-test=Test2-4] SauceDemo01-v1:44 - Firefox Browser is opened
2022-04-14 23:00:17,972  INFO [TestNG-test=Test2-4] SauceDemo01-v1:49 - Chrome Browser is opened
2022-04-14 23:00:17,978  INFO [TestNG-test=Test2-2] SauceDemo01-v1:44 - Firefox Browser is opened
2022-04-14 23:00:17,978  INFO [TestNG-test=Test2-2] SauceDemo01-v1:49 - Chrome Browser is opened
2022-04-14 23:00:21,630  INFO [TestNG-test=Test2-4] SauceDemo01-v1:24 - user name send sucessfully
2022-04-14 23:00:21,957  INFO [TestNG-test=Test2-2] SauceDemo01-v1:24 - user name send sucessfully
2022-04-14 23:00:24,302  INFO [TestNG-test=Test2-3] SauceDemo01-v1:44 - Firefox Browser is opened
2022-04-14 23:00:24,303  INFO [TestNG-test=Test2-3] SauceDemo01-v1:49 - Chrome Browser is opened
2022-04-14 23:00:24,410  INFO [TestNG-test=Test2-1] SauceDemo01-v1:44 - Firefox Browser is opened
2022-04-14 23:00:24,410  INFO [TestNG-test=Test2-1] SauceDemo01-v1:49 - Chrome Browser is opened
2022-04-14 23:00:25,403  INFO [TestNG-test=Test2-2] SauceDemo01-v1:24 - user name send sucessfully
2022-04-14 23:00:26,996  INFO [TestNG-test=Test2-2] SauceDemo01-v1:24 - user name send sucessfully
2022-04-14 23:00:30,899  INFO [TestNG-test=Test2-1] SauceDemo01-v1:24 - user name send sucessfully
2022-04-14 23:00:31,436  INFO [TestNG-test=Test2-3] SauceDemo01-v1:24 - user name send sucessfully
2022-04-14 23:00:45,640  INFO [TestNG-test=Test2-4] SauceDemo01-v1:44 - Firefox Browser is opened
2022-04-14 23:00:45,640  INFO [TestNG-test=Test2-4] SauceDemo01-v1:49 - Chrome Browser is opened
2022-04-14 23:00:48,399  INFO [TestNG-test=Test2-4] SauceDemo01-v1:24 - user name send sucessfully
2022-04-14 23:00:52,905  INFO [TestNG-test=Test2-3] SauceDemo01-v1:44 - Firefox Browser is opened
2022-04-14 23:00:52,905  INFO [TestNG-test=Test2-3] SauceDemo01-v1:49 - Chrome Browser is opened
2022-04-14 23:00:57,294  INFO [TestNG-test=Test2-3] SauceDemo01-v1:24 - user name send sucessfully
2022-04-15 16:33:54,696  INFO [TestNG-test=Test1-4] SauceDemo01-v1:49 - Chrome Browser is opened
2022-04-15 16:33:54,696  INFO [TestNG-test=Test1-2] SauceDemo01-v1:49 - Chrome Browser is opened
2022-04-15 16:33:54,696  INFO [TestNG-test=Test1-1] SauceDemo01-v1:49 - Chrome Browser is opened
2022-04-15 16:33:54,696  INFO [TestNG-test=Test1-3] SauceDemo01-v1:49 - Chrome Browser is opened
2022-04-15 16:34:05,990  INFO [TestNG-test=Test1-4] SauceDemo01-v1:24 - user name send sucessfully
2022-04-15 16:34:06,099  INFO [TestNG-test=Test1-2] SauceDemo01-v1:24 - user name send sucessfully
2022-04-15 16:34:06,144  INFO [TestNG-test=Test1-3] SauceDemo01-v1:24 - user name send sucessfully
2022-04-15 16:34:06,193  INFO [TestNG-test=Test1-1] SauceDemo01-v1:24 - user name send sucessfully
2022-04-15 16:34:10,971  INFO [TestNG-test=Test1-2] SauceDemo01-v1:24 - user name send sucessfully
2022-04-15 16:34:11,998  INFO [TestNG-test=Test1-2] SauceDemo01-v1:24 - user name send sucessfully
2022-04-15 16:34:15,245  INFO [TestNG-test=Test1-3] SauceDemo01-v1:49 - Chrome Browser is opened
2022-04-15 16:34:17,582  INFO [TestNG-test=Test1-4] SauceDemo01-v1:49 - Chrome Browser is opened
2022-04-15 16:34:23,204  INFO [TestNG-test=Test1-4] SauceDemo01-v1:24 - user name send sucessfully
2022-04-15 16:34:23,919  INFO [TestNG-test=Test1-3] SauceDemo01-v1:24 - user name send sucessfully
2022-04-15 16:37:14,156  INFO [TestNG-test=Test2-1] SauceDemo01-v1:44 - Firefox Browser is opened
2022-04-15 16:37:14,326  INFO [TestNG-test=Test2-1] SauceDemo01-v1:49 - Chrome Browser is opened
2022-04-15 16:37:20,701  INFO [TestNG-test=Test2-1] SauceDemo01-v1:24 - user name send sucessfully
2022-04-15 16:37:27,763  INFO [TestNG-test=Test2-3] SauceDemo01-v1:44 - Firefox Browser is opened
2022-04-15 16:37:27,764  INFO [TestNG-test=Test2-3] SauceDemo01-v1:49 - Chrome Browser is opened
2022-04-15 16:37:33,676  INFO [TestNG-test=Test2-3] SauceDemo01-v1:24 - user name send sucessfully
2022-04-15 16:42:19,382  INFO [TestNG-test=Test2(failed)-3] SauceDemo01-v1:44 - Firefox Browser is opened
2022-04-15 16:42:19,383  INFO [TestNG-test=Test2(failed)-4] SauceDemo01-v1:44 - Firefox Browser is opened
2022-04-15 16:42:19,383  INFO [TestNG-test=Test2(failed)-2] SauceDemo01-v1:44 - Firefox Browser is opened
2022-04-15 16:42:19,422  INFO [TestNG-test=Test2(failed)-2] SauceDemo01-v1:49 - Chrome Browser is opened
2022-04-15 16:42:19,382  INFO [TestNG-test=Test2(failed)-1] SauceDemo01-v1:44 - Firefox Browser is opened
2022-04-15 16:42:19,435  INFO [TestNG-test=Test2(failed)-1] SauceDemo01-v1:49 - Chrome Browser is opened
2022-04-15 16:42:19,422  INFO [TestNG-test=Test2(failed)-4] SauceDemo01-v1:49 - Chrome Browser is opened
2022-04-15 16:42:19,435  INFO [TestNG-test=Test2(failed)-3] SauceDemo01-v1:49 - Chrome Browser is opened
2022-04-15 16:42:25,929  INFO [TestNG-test=Test2(failed)-2] SauceDemo01-v1:24 - user name send sucessfully
2022-04-15 16:42:26,467  INFO [TestNG-test=Test2(failed)-3] SauceDemo01-v1:24 - user name send sucessfully
2022-04-15 16:42:26,886  INFO [TestNG-test=Test2(failed)-1] SauceDemo01-v1:24 - user name send sucessfully
2022-04-15 16:42:26,893  INFO [TestNG-test=Test2(failed)-4] SauceDemo01-v1:24 - user name send sucessfully
2022-04-15 16:42:28,701  INFO [TestNG-test=Test2(failed)-2] SauceDemo01-v1:24 - user name send sucessfully
2022-04-15 16:42:30,360  INFO [TestNG-test=Test2(failed)-2] SauceDemo01-v1:24 - user name send sucessfully
2022-04-15 16:46:20,558  INFO [TestNG-test=Test2(failed)-1] SauceDemo01-v1:44 - Firefox Browser is opened
2022-04-15 16:46:20,558  INFO [TestNG-test=Test2(failed)-2] SauceDemo01-v1:44 - Firefox Browser is opened
2022-04-15 16:46:20,565  INFO [TestNG-test=Test2(failed)-2] SauceDemo01-v1:49 - Chrome Browser is opened
2022-04-15 16:46:20,558  INFO [TestNG-test=Test2(failed)-4] SauceDemo01-v1:44 - Firefox Browser is opened
2022-04-15 16:46:20,567  INFO [TestNG-test=Test2(failed)-4] SauceDemo01-v1:49 - Chrome Browser is opened
2022-04-15 16:46:20,564  INFO [TestNG-test=Test2(failed)-1] SauceDemo01-v1:49 - Chrome Browser is opened
2022-04-15 16:46:20,674  INFO [TestNG-test=Test2(failed)-3] SauceDemo01-v1:44 - Firefox Browser is opened
2022-04-15 16:46:20,675  INFO [TestNG-test=Test2(failed)-3] SauceDemo01-v1:49 - Chrome Browser is opened
2022-04-15 16:46:28,499  INFO [TestNG-test=Test2(failed)-4] SauceDemo01-v1:24 - user name send sucessfully
2022-04-15 16:46:28,551  INFO [TestNG-test=Test2(failed)-2] SauceDemo01-v1:24 - user name send sucessfully
2022-04-15 16:46:28,567  INFO [TestNG-test=Test2(failed)-1] SauceDemo01-v1:24 - user name send sucessfully
2022-04-15 16:46:28,678  INFO [TestNG-test=Test2(failed)-3] SauceDemo01-v1:24 - user name send sucessfully
2022-04-15 17:00:21,019  INFO [TestNG-test=Test1-4] SauceDemo01-v1:49 - Chrome Browser is opened
2022-04-15 17:00:21,112  INFO [TestNG-test=Test1-1] SauceDemo01-v1:49 - Chrome Browser is opened
2022-04-15 17:00:21,122  INFO [TestNG-test=Test1-2] SauceDemo01-v1:49 - Chrome Browser is opened
2022-04-15 17:00:21,186  INFO [TestNG-test=Test1-3] SauceDemo01-v1:49 - Chrome Browser is opened
2022-04-15 17:00:26,482  INFO [TestNG-test=Test1-1] SauceDemo01-v1:24 - user name send sucessfully
2022-04-15 17:00:26,645  INFO [TestNG-test=Test1-2] SauceDemo01-v1:24 - user name send sucessfully
2022-04-15 17:00:26,777  INFO [TestNG-test=Test1-4] SauceDemo01-v1:24 - user name send sucessfully
2022-04-15 17:00:26,904  INFO [TestNG-test=Test1-3] SauceDemo01-v1:24 - user name send sucessfully
2022-04-15 17:00:33,324  INFO [TestNG-test=Test1-2] SauceDemo01-v1:24 - user name send sucessfully
2022-04-15 17:00:34,637  INFO [TestNG-test=Test1-2] SauceDemo01-v1:24 - user name send sucessfully
2022-04-15 17:00:37,111  INFO [TestNG-test=Test1-1] SauceDemo01-v1:49 - Chrome Browser is opened
2022-04-15 17:00:38,038  INFO [TestNG-test=Test1-3] SauceDemo01-v1:49 - Chrome Browser is opened
2022-04-15 17:00:39,856  INFO [TestNG-test=Test1-1] SauceDemo01-v1:24 - user name send sucessfully
2022-04-15 17:00:41,882  INFO [TestNG-test=Test1-3] SauceDemo01-v1:24 - user name send sucessfully
2022-04-15 17:01:09,842  INFO [TestNG-test=Test2-4] SauceDemo01-v1:44 - Firefox Browser is opened
2022-04-15 17:01:09,843  INFO [TestNG-test=Test2-4] SauceDemo01-v1:49 - Chrome Browser is opened
2022-04-15 17:01:09,907  INFO [TestNG-test=Test2-1] SauceDemo01-v1:44 - Firefox Browser is opened
2022-04-15 17:01:09,908  INFO [TestNG-test=Test2-1] SauceDemo01-v1:49 - Chrome Browser is opened
2022-04-15 17:01:09,908  INFO [TestNG-test=Test2-3] SauceDemo01-v1:44 - Firefox Browser is opened
2022-04-15 17:01:09,909  INFO [TestNG-test=Test2-3] SauceDemo01-v1:49 - Chrome Browser is opened
2022-04-15 17:01:09,931  INFO [TestNG-test=Test2-2] SauceDemo01-v1:44 - Firefox Browser is opened
2022-04-15 17:01:09,931  INFO [TestNG-test=Test2-2] SauceDemo01-v1:49 - Chrome Browser is opened
2022-04-15 17:01:13,952  INFO [TestNG-test=Test2-1] SauceDemo01-v1:24 - user name send sucessfully
2022-04-15 17:01:14,634  INFO [TestNG-test=Test2-4] SauceDemo01-v1:24 - user name send sucessfully
2022-04-15 17:01:14,713  INFO [TestNG-test=Test2-2] SauceDemo01-v1:24 - user name send sucessfully
2022-04-15 17:01:14,796  INFO [TestNG-test=Test2-3] SauceDemo01-v1:24 - user name send sucessfully
2022-04-15 17:01:40,314  INFO [TestNG-test=Test2-3] SauceDemo01-v1:44 - Firefox Browser is opened
2022-04-15 17:01:40,315  INFO [TestNG-test=Test2-3] SauceDemo01-v1:49 - Chrome Browser is opened
2022-04-15 17:01:40,314  INFO [TestNG-test=Test2-1] SauceDemo01-v1:44 - Firefox Browser is opened
2022-04-15 17:01:40,315  INFO [TestNG-test=Test2-1] SauceDemo01-v1:49 - Chrome Browser is opened
2022-04-15 17:01:43,870  INFO [TestNG-test=Test2-1] SauceDemo01-v1:24 - user name send sucessfully
2022-04-15 17:01:43,968  INFO [TestNG-test=Test2-3] SauceDemo01-v1:24 - user name send sucessfully
2022-04-15 17:03:24,439  INFO [TestNG-test=Test1-4] SauceDemo01-v1:49 - Chrome Browser is opened
2022-04-15 17:03:24,439  INFO [TestNG-test=Test1-1] SauceDemo01-v1:49 - Chrome Browser is opened
2022-04-15 17:03:24,439  INFO [TestNG-test=Test1-3] SauceDemo01-v1:49 - Chrome Browser is opened
2022-04-15 17:03:24,491  INFO [TestNG-test=Test1-2] SauceDemo01-v1:49 - Chrome Browser is opened
2022-04-15 17:03:29,957  INFO [TestNG-test=Test1-4] SauceDemo01-v1:24 - user name send sucessfully
2022-04-15 17:03:29,981  INFO [TestNG-test=Test1-2] SauceDemo01-v1:24 - user name send sucessfully
2022-04-15 17:03:30,770  INFO [TestNG-test=Test1-1] SauceDemo01-v1:24 - user name send sucessfully
2022-04-15 17:03:31,205  INFO [TestNG-test=Test1-3] SauceDemo01-v1:24 - user name send sucessfully
2022-04-15 17:03:33,872  INFO [TestNG-test=Test1-2] SauceDemo01-v1:24 - user name send sucessfully
2022-04-15 17:03:35,244  INFO [TestNG-test=Test1-2] SauceDemo01-v1:24 - user name send sucessfully
2022-04-15 17:03:38,502  INFO [TestNG-test=Test1-1] SauceDemo01-v1:49 - Chrome Browser is opened
2022-04-15 17:03:40,593  INFO [TestNG-test=Test1-4] SauceDemo01-v1:49 - Chrome Browser is opened
2022-04-15 17:03:45,555  INFO [TestNG-test=Test1-1] SauceDemo01-v1:24 - user name send sucessfully
2022-04-15 17:03:46,807  INFO [TestNG-test=Test1-4] SauceDemo01-v1:24 - user name send sucessfully
2022-04-15 17:04:22,096  INFO [TestNG-test=Test2-2] SauceDemo01-v1:44 - Firefox Browser is opened
2022-04-15 17:04:22,099  INFO [TestNG-test=Test2-2] SauceDemo01-v1:49 - Chrome Browser is opened
2022-04-15 17:04:22,131  INFO [TestNG-test=Test2-3] SauceDemo01-v1:44 - Firefox Browser is opened
2022-04-15 17:04:22,132  INFO [TestNG-test=Test2-3] SauceDemo01-v1:49 - Chrome Browser is opened
2022-04-15 17:04:22,390  INFO [TestNG-test=Test2-4] SauceDemo01-v1:44 - Firefox Browser is opened
2022-04-15 17:04:22,391  INFO [TestNG-test=Test2-4] SauceDemo01-v1:49 - Chrome Browser is opened
2022-04-15 17:04:22,399  INFO [TestNG-test=Test2-1] SauceDemo01-v1:44 - Firefox Browser is opened
2022-04-15 17:04:22,400  INFO [TestNG-test=Test2-1] SauceDemo01-v1:49 - Chrome Browser is opened
2022-04-15 17:04:24,781  INFO [TestNG-test=Test2-3] SauceDemo01-v1:24 - user name send sucessfully
2022-04-15 17:04:26,373  INFO [TestNG-test=Test2-1] SauceDemo01-v1:24 - user name send sucessfully
2022-04-15 17:04:26,493  INFO [TestNG-test=Test2-2] SauceDemo01-v1:24 - user name send sucessfully
2022-04-15 17:04:26,652  INFO [TestNG-test=Test2-4] SauceDemo01-v1:24 - user name send sucessfully
2022-04-15 17:04:29,397  INFO [TestNG-test=Test2-2] SauceDemo01-v1:24 - user name send sucessfully
2022-04-15 17:04:31,770  INFO [TestNG-test=Test2-2] SauceDemo01-v1:24 - user name send sucessfully
2022-04-15 17:05:10,440  INFO [TestNG-test=Test2-1] SauceDemo01-v1:44 - Firefox Browser is opened
2022-04-15 17:05:10,440  INFO [TestNG-test=Test2-1] SauceDemo01-v1:49 - Chrome Browser is opened
2022-04-15 17:05:10,446  INFO [TestNG-test=Test2-4] SauceDemo01-v1:44 - Firefox Browser is opened
2022-04-15 17:05:10,457  INFO [TestNG-test=Test2-4] SauceDemo01-v1:49 - Chrome Browser is opened
2022-04-15 17:05:12,986  INFO [TestNG-test=Test2-4] SauceDemo01-v1:24 - user name send sucessfully
2022-04-15 17:05:13,126  INFO [TestNG-test=Test2-1] SauceDemo01-v1:24 - user name send sucessfully
2022-04-15 17:19:30,685  INFO [TestNG-test=Test1-4] SauceDemo01-v1:49 - Chrome Browser is opened
2022-04-15 17:19:33,235  INFO [TestNG-test=Test1-1] SauceDemo01-v1:49 - Chrome Browser is opened
2022-04-15 17:19:33,471  INFO [TestNG-test=Test1-2] SauceDemo01-v1:49 - Chrome Browser is opened
2022-04-15 17:19:34,255  INFO [TestNG-test=Test1-3] SauceDemo01-v1:49 - Chrome Browser is opened
2022-04-15 17:19:39,688  INFO [TestNG-test=Test1-4] SauceDemo01-v1:24 - user name send sucessfully
2022-04-15 17:19:41,829  INFO [TestNG-test=Test1-1] SauceDemo01-v1:24 - user name send sucessfully
2022-04-15 17:19:44,883  INFO [TestNG-test=Test1-2] SauceDemo01-v1:24 - user name send sucessfully
2022-04-15 17:19:45,787  INFO [TestNG-test=Test1-2] SauceDemo01-v1:24 - user name send sucessfully
2022-04-15 17:19:46,407  INFO [TestNG-test=Test1-3] SauceDemo01-v1:24 - user name send sucessfully
2022-04-15 17:19:47,295  INFO [TestNG-test=Test1-2] SauceDemo01-v1:24 - user name send sucessfully
2022-04-15 17:19:55,490  INFO [TestNG-test=Test1-1] SauceDemo01-v1:49 - Chrome Browser is opened
2022-04-15 17:19:56,718  INFO [TestNG-test=Test1-2] SauceDemo01-v1:49 - Chrome Browser is opened
2022-04-15 17:20:01,266  INFO [TestNG-test=Test1-1] SauceDemo01-v1:24 - user name send sucessfully
2022-04-15 17:20:05,383  INFO [TestNG-test=Test1-2] SauceDemo01-v1:24 - user name send sucessfully
2022-04-15 17:20:37,835  INFO [TestNG-test=Test2-1] SauceDemo01-v1:44 - Firefox Browser is opened
2022-04-15 17:20:37,862  INFO [TestNG-test=Test2-3] SauceDemo01-v1:44 - Firefox Browser is opened
2022-04-15 17:20:38,087  INFO [TestNG-test=Test2-3] SauceDemo01-v1:49 - Chrome Browser is opened
2022-04-15 17:20:37,849  INFO [TestNG-test=Test2-4] SauceDemo01-v1:44 - Firefox Browser is opened
2022-04-15 17:20:38,088  INFO [TestNG-test=Test2-4] SauceDemo01-v1:49 - Chrome Browser is opened
2022-04-15 17:20:38,086  INFO [TestNG-test=Test2-1] SauceDemo01-v1:49 - Chrome Browser is opened
2022-04-15 17:20:38,151  INFO [TestNG-test=Test2-2] SauceDemo01-v1:44 - Firefox Browser is opened
2022-04-15 17:20:38,152  INFO [TestNG-test=Test2-2] SauceDemo01-v1:49 - Chrome Browser is opened
2022-04-15 17:20:45,112  INFO [TestNG-test=Test2-3] SauceDemo01-v1:24 - user name send sucessfully
2022-04-15 17:20:45,211  INFO [TestNG-test=Test2-4] SauceDemo01-v1:24 - user name send sucessfully
2022-04-15 17:20:45,328  INFO [TestNG-test=Test2-1] SauceDemo01-v1:24 - user name send sucessfully
2022-04-15 17:20:45,369  INFO [TestNG-test=Test2-2] SauceDemo01-v1:24 - user name send sucessfully
2022-04-15 17:21:32,287  INFO [TestNG-test=Test2-1] SauceDemo01-v1:44 - Firefox Browser is opened
2022-04-15 17:21:32,288  INFO [TestNG-test=Test2-1] SauceDemo01-v1:49 - Chrome Browser is opened
2022-04-15 17:21:33,062  INFO [TestNG-test=Test2-3] SauceDemo01-v1:44 - Firefox Browser is opened
2022-04-15 17:21:33,063  INFO [TestNG-test=Test2-3] SauceDemo01-v1:49 - Chrome Browser is opened
2022-04-15 17:21:34,307  INFO [TestNG-test=Test2-1] SauceDemo01-v1:24 - user name send sucessfully
2022-04-15 17:21:36,105  INFO [TestNG-test=Test2-3] SauceDemo01-v1:24 - user name send sucessfully
2022-04-15 17:31:52,993  INFO [TestNG-test=Test1-2] SauceDemo01-v1:49 - Chrome Browser is opened
2022-04-15 17:31:52,993  INFO [TestNG-test=Test1-1] SauceDemo01-v1:49 - Chrome Browser is opened
2022-04-15 17:31:52,993  INFO [TestNG-test=Test1-3] SauceDemo01-v1:49 - Chrome Browser is opened
2022-04-15 17:31:52,993  INFO [TestNG-test=Test1-4] SauceDemo01-v1:49 - Chrome Browser is opened
2022-04-15 17:32:04,245  INFO [TestNG-test=Test1-1] SauceDemo01-v1:24 - user name send sucessfully
2022-04-15 17:32:04,253  INFO [TestNG-test=Test1-4] SauceDemo01-v1:24 - user name send sucessfully
2022-04-15 17:32:04,254  INFO [TestNG-test=Test1-3] SauceDemo01-v1:24 - user name send sucessfully
2022-04-15 17:32:04,275  INFO [TestNG-test=Test1-2] SauceDemo01-v1:24 - user name send sucessfully
2022-04-15 17:32:06,331  INFO [TestNG-test=Test1-2] SauceDemo01-v1:24 - user name send sucessfully
2022-04-15 17:32:07,379  INFO [TestNG-test=Test1-2] SauceDemo01-v1:24 - user name send sucessfully
2022-04-15 17:32:13,184  INFO [TestNG-test=Test1-5] SauceDemo01-v1:49 - Chrome Browser is opened
2022-04-15 17:32:14,681  INFO [TestNG-test=Test1-3] SauceDemo01-v1:49 - Chrome Browser is opened
2022-04-15 17:32:19,834  INFO [TestNG-test=Test1-3] SauceDemo01-v1:24 - user name send sucessfully
2022-04-15 17:32:19,845  INFO [TestNG-test=Test1-5] SauceDemo01-v1:24 - user name send sucessfully
2022-04-15 17:32:47,898  INFO [TestNG-test=Test2-3] SauceDemo01-v1:44 - Firefox Browser is opened
2022-04-15 17:32:47,926  INFO [TestNG-test=Test2-3] SauceDemo01-v1:49 - Chrome Browser is opened
2022-04-15 17:32:47,916  INFO [TestNG-test=Test2-1] SauceDemo01-v1:44 - Firefox Browser is opened
2022-04-15 17:32:47,927  INFO [TestNG-test=Test2-1] SauceDemo01-v1:49 - Chrome Browser is opened
2022-04-15 17:32:47,913  INFO [TestNG-test=Test2-2] SauceDemo01-v1:44 - Firefox Browser is opened
2022-04-15 17:32:47,930  INFO [TestNG-test=Test2-2] SauceDemo01-v1:49 - Chrome Browser is opened
2022-04-15 17:32:51,183  INFO [TestNG-test=Test2-4] SauceDemo01-v1:44 - Firefox Browser is opened
2022-04-15 17:32:51,183  INFO [TestNG-test=Test2-4] SauceDemo01-v1:49 - Chrome Browser is opened
2022-04-15 17:32:56,307  INFO [TestNG-test=Test2-3] SauceDemo01-v1:24 - user name send sucessfully
2022-04-15 17:32:56,573  INFO [TestNG-test=Test2-2] SauceDemo01-v1:24 - user name send sucessfully
2022-04-15 17:32:57,272  INFO [TestNG-test=Test2-1] SauceDemo01-v1:24 - user name send sucessfully
2022-04-15 17:33:14,109  INFO [TestNG-test=Test2-4] SauceDemo01-v1:24 - user name send sucessfully
2022-04-15 17:33:37,050  INFO [TestNG-test=Test2-2] SauceDemo01-v1:44 - Firefox Browser is opened
2022-04-15 17:33:37,051  INFO [TestNG-test=Test2-2] SauceDemo01-v1:49 - Chrome Browser is opened
2022-04-15 17:33:41,744  INFO [TestNG-test=Test2-2] SauceDemo01-v1:24 - user name send sucessfully
2022-04-15 17:33:45,414  INFO [TestNG-test=Test2-3] SauceDemo01-v1:44 - Firefox Browser is opened
2022-04-15 17:33:45,415  INFO [TestNG-test=Test2-3] SauceDemo01-v1:49 - Chrome Browser is opened
2022-04-15 17:33:49,108  INFO [TestNG-test=Test2-3] SauceDemo01-v1:24 - user name send sucessfully
2022-04-15 17:53:35,407  INFO [TestNG-test=Test1-2] SauceDemo01-v1:49 - Chrome Browser is opened
2022-04-15 17:53:35,408  INFO [TestNG-test=Test1-4] SauceDemo01-v1:49 - Chrome Browser is opened
2022-04-15 17:53:35,407  INFO [TestNG-test=Test1-1] SauceDemo01-v1:49 - Chrome Browser is opened
2022-04-15 17:53:35,407  INFO [TestNG-test=Test1-3] SauceDemo01-v1:49 - Chrome Browser is opened
2022-04-15 17:53:44,180  INFO [TestNG-test=Test1-2] SauceDemo01-v1:24 - user name send sucessfully
2022-04-15 17:53:44,230  INFO [TestNG-test=Test1-4] SauceDemo01-v1:24 - user name send sucessfully
2022-04-15 17:53:44,433  INFO [TestNG-test=Test1-3] SauceDemo01-v1:24 - user name send sucessfully
2022-04-15 17:53:45,504  INFO [TestNG-test=Test1-1] SauceDemo01-v1:24 - user name send sucessfully
2022-04-15 17:53:46,931  INFO [TestNG-test=Test1-2] SauceDemo01-v1:24 - user name send sucessfully
2022-04-15 17:53:48,189  INFO [TestNG-test=Test1-2] SauceDemo01-v1:24 - user name send sucessfully
2022-04-15 17:53:52,002  INFO [TestNG-test=Test1-5] SauceDemo01-v1:49 - Chrome Browser is opened
2022-04-15 17:53:53,202  INFO [TestNG-test=Test1-3] SauceDemo01-v1:49 - Chrome Browser is opened
2022-04-15 17:53:57,524  INFO [TestNG-test=Test1-3] SauceDemo01-v1:24 - user name send sucessfully
2022-04-15 17:53:57,614  INFO [TestNG-test=Test1-5] SauceDemo01-v1:24 - user name send sucessfully
2022-04-15 17:54:31,974  INFO [TestNG-test=Test2-2] SauceDemo01-v1:44 - Firefox Browser is opened
2022-04-15 17:54:31,975  INFO [TestNG-test=Test2-2] SauceDemo01-v1:49 - Chrome Browser is opened
2022-04-15 17:54:31,975  INFO [TestNG-test=Test2-1] SauceDemo01-v1:44 - Firefox Browser is opened
2022-04-15 17:54:31,976  INFO [TestNG-test=Test2-1] SauceDemo01-v1:49 - Chrome Browser is opened
2022-04-15 17:54:32,157  INFO [TestNG-test=Test2-3] SauceDemo01-v1:44 - Firefox Browser is opened
2022-04-15 17:54:32,157  INFO [TestNG-test=Test2-3] SauceDemo01-v1:49 - Chrome Browser is opened
2022-04-15 17:54:32,340  INFO [TestNG-test=Test2-4] SauceDemo01-v1:44 - Firefox Browser is opened
2022-04-15 17:54:32,340  INFO [TestNG-test=Test2-4] SauceDemo01-v1:49 - Chrome Browser is opened
2022-04-15 17:54:36,137  INFO [TestNG-test=Test2-2] SauceDemo01-v1:24 - user name send sucessfully
2022-04-15 17:54:39,038  INFO [TestNG-test=Test2-4] SauceDemo01-v1:24 - user name send sucessfully
2022-04-15 17:54:39,876  INFO [TestNG-test=Test2-1] SauceDemo01-v1:24 - user name send sucessfully
2022-04-15 17:54:39,939  INFO [TestNG-test=Test2-3] SauceDemo01-v1:24 - user name send sucessfully
2022-04-15 17:54:43,342  INFO [TestNG-test=Test2-2] SauceDemo01-v1:24 - user name send sucessfully
2022-04-15 17:54:45,311  INFO [TestNG-test=Test2-2] SauceDemo01-v1:24 - user name send sucessfully
2022-04-15 17:55:25,562  INFO [TestNG-test=Test2-3] SauceDemo01-v1:44 - Firefox Browser is opened
2022-04-15 17:55:25,563  INFO [TestNG-test=Test2-3] SauceDemo01-v1:49 - Chrome Browser is opened
2022-04-15 17:55:25,616  INFO [TestNG-test=Test2-4] SauceDemo01-v1:44 - Firefox Browser is opened
2022-04-15 17:55:25,617  INFO [TestNG-test=Test2-4] SauceDemo01-v1:49 - Chrome Browser is opened
2022-04-15 17:55:28,239  INFO [TestNG-test=Test2-3] SauceDemo01-v1:24 - user name send sucessfully
2022-04-15 17:55:28,282  INFO [TestNG-test=Test2-4] SauceDemo01-v1:24 - user name send sucessfully
2022-04-15 17:58:00,457  INFO [TestNG-test=Test1-1] SauceDemo01-v1:49 - Chrome Browser is opened
2022-04-15 17:58:00,760  INFO [TestNG-test=Test1-2] SauceDemo01-v1:49 - Chrome Browser is opened
2022-04-15 17:58:00,947  INFO [TestNG-test=Test1-3] SauceDemo01-v1:49 - Chrome Browser is opened
2022-04-15 17:58:01,873  INFO [TestNG-test=Test1-4] SauceDemo01-v1:49 - Chrome Browser is opened
2022-04-15 17:58:07,962  INFO [TestNG-test=Test1-1] SauceDemo01-v1:24 - user name send sucessfully
2022-04-15 17:58:08,014  INFO [TestNG-test=Test1-2] SauceDemo01-v1:24 - user name send sucessfully
2022-04-15 17:58:08,173  INFO [TestNG-test=Test1-3] SauceDemo01-v1:24 - user name send sucessfully
2022-04-15 17:58:09,220  INFO [TestNG-test=Test1-4] SauceDemo01-v1:24 - user name send sucessfully
2022-04-15 17:58:13,257  INFO [TestNG-test=Test1-5] SauceDemo01-v1:49 - Chrome Browser is opened
2022-04-15 17:58:15,484  INFO [TestNG-test=Test1-6] SauceDemo01-v1:49 - Chrome Browser is opened
2022-04-15 17:58:18,989  INFO [TestNG-test=Test1-5] SauceDemo01-v1:24 - user name send sucessfully
2022-04-15 17:58:20,708  INFO [TestNG-test=Test1-6] SauceDemo01-v1:24 - user name send sucessfully
2022-04-15 17:58:48,212  INFO [TestNG-test=Test2-1] SauceDemo01-v1:44 - Firefox Browser is opened
2022-04-15 17:58:48,212  INFO [TestNG-test=Test2-1] SauceDemo01-v1:49 - Chrome Browser is opened
2022-04-15 17:58:48,220  INFO [TestNG-test=Test2-2] SauceDemo01-v1:44 - Firefox Browser is opened
2022-04-15 17:58:48,220  INFO [TestNG-test=Test2-2] SauceDemo01-v1:49 - Chrome Browser is opened
2022-04-15 17:58:48,220  INFO [TestNG-test=Test2-4] SauceDemo01-v1:44 - Firefox Browser is opened
2022-04-15 17:58:48,221  INFO [TestNG-test=Test2-4] SauceDemo01-v1:49 - Chrome Browser is opened
2022-04-15 17:58:48,341  INFO [TestNG-test=Test2-3] SauceDemo01-v1:44 - Firefox Browser is opened
2022-04-15 17:58:48,343  INFO [TestNG-test=Test2-3] SauceDemo01-v1:49 - Chrome Browser is opened
2022-04-15 17:58:54,484  INFO [TestNG-test=Test2-4] SauceDemo01-v1:24 - user name send sucessfully
2022-04-15 17:58:55,765  INFO [TestNG-test=Test2-3] SauceDemo01-v1:24 - user name send sucessfully
2022-04-15 17:58:56,441  INFO [TestNG-test=Test2-1] SauceDemo01-v1:24 - user name send sucessfully
2022-04-15 17:58:56,528  INFO [TestNG-test=Test2-2] SauceDemo01-v1:24 - user name send sucessfully
2022-04-15 17:59:02,145  INFO [TestNG-test=Test2-2] SauceDemo01-v1:24 - user name send sucessfully
2022-04-15 17:59:05,606  INFO [TestNG-test=Test2-2] SauceDemo01-v1:24 - user name send sucessfully
2022-04-15 17:59:36,288  INFO [TestNG-test=Test2-4] SauceDemo01-v1:44 - Firefox Browser is opened
2022-04-15 17:59:36,288  INFO [TestNG-test=Test2-4] SauceDemo01-v1:49 - Chrome Browser is opened
2022-04-15 17:59:36,311  INFO [TestNG-test=Test2-3] SauceDemo01-v1:44 - Firefox Browser is opened
2022-04-15 17:59:36,312  INFO [TestNG-test=Test2-3] SauceDemo01-v1:49 - Chrome Browser is opened
2022-04-15 17:59:40,720  INFO [TestNG-test=Test2-4] SauceDemo01-v1:24 - user name send sucessfully
2022-04-15 17:59:40,827  INFO [TestNG-test=Test2-3] SauceDemo01-v1:24 - user name send sucessfully
